<?xml version="1.0" encoding="UTF-8"?>
<!-- Generated by org.testng.reporters.JUnitReportReporter -->
<testsuite skipped="0" hostname="aham" name="practice.Practice2" tests="1" failures="0" timestamp="2023-03-21T14:07:45 IST" time="0.012" errors="0">
  <testcase name="Sample2" time="0.012" classname="practice.Practice2"/>
  <system-out/>
</testsuite> <!-- practice.Practice2 -->
