<?xml version="1.0" encoding="UTF-8"?>
<!-- Generated by org.testng.reporters.JUnitReportReporter -->
<testsuite skipped="0" hostname="aham" name="practice.Practice" tests="1" failures="0" timestamp="2023-03-21T14:06:59 IST" time="0.004" errors="0">
  <testcase name="sample" time="0.004" classname="practice.Practice"/>
  <system-out/>
</testsuite> <!-- practice.Practice -->
